<?xml version="1.0"?>
<!DOCTYPE coverage SYSTEM "http://cobertura.sourceforge.net/xml/coverage-04.dtd">

<coverage line-rate="0.9603174603174603" branch-rate="0.007518796992481203" lines-covered="121" lines-valid="126" branches-covered="2" branches-valid="266" complexity="1.0" version="2.1.1" timestamp="1481807585547">
	<sources>
		<source>--source</source>
		<source>B:/Development/new-git-clone/src/main/java</source>
	</sources>
	<packages>
		<package name="com.bold.risk.api" line-rate="0.5" branch-rate="1.0" complexity="1.0">
			<classes>
				<class name="com.bold.risk.api.Application" filename="com/bold/risk/api/Application.java" line-rate="0.5" branch-rate="1.0" complexity="1.0">
					<methods>
						<method name="&lt;init&gt;" signature="()V" line-rate="1.0" branch-rate="1.0" complexity="0">
							<lines>
								<line number="13" hits="2" branch="false"/>
								<line number="14" hits="2" branch="false"/>
							</lines>
						</method>
						<method name="main" signature="([Ljava/lang/String;)V" line-rate="0.0" branch-rate="1.0" complexity="0">
							<lines>
								<line number="20" hits="0" branch="false"/>
								<line number="21" hits="0" branch="false"/>
							</lines>
						</method>
					</methods>
					<lines>
						<line number="13" hits="2" branch="false"/>
						<line number="14" hits="2" branch="false"/>
						<line number="20" hits="0" branch="false"/>
						<line number="21" hits="0" branch="false"/>
					</lines>
				</class>
			</classes>
		</package>
		<package name="com.bold.risk.api.calculator" line-rate="1.0" branch-rate="1.0" complexity="0.0">
			<classes>
				<class name="com.bold.risk.api.calculator.CalculatorController" filename="com/bold/risk/api/calculator/CalculatorController.java" line-rate="1.0" branch-rate="1.0" complexity="0.0">
					<methods>
						<method name="getAssetTypes" signature="()Ljava/util/List;" line-rate="1.0" branch-rate="1.0" complexity="0">
							<lines>
							</lines>
						</method>
						<method name="getIndicativeQuote" signature="(Lcom/bold/risk/api/messages/IndicativeLoanRequest;)Lcom/bold/risk/api/model/IndicativeLoan;" line-rate="1.0" branch-rate="1.0" complexity="0">
							<lines>
								<line number="41" hits="1" branch="false"/>
								<line number="42" hits="1" branch="false"/>
								<line number="49" hits="1" branch="false"/>
								<line number="50" hits="1" branch="false"/>
								<line number="51" hits="1" branch="false"/>
								<line number="52" hits="1" branch="false"/>
								<line number="53" hits="2" branch="false"/>
								<line number="54" hits="2" branch="false"/>
								<line number="55" hits="5" branch="false"/>
								<line number="56" hits="4" branch="false"/>
								<line number="57" hits="4" branch="false"/>
								<line number="66" hits="1" branch="false"/>
								<line number="67" hits="1" branch="false"/>
								<line number="68" hits="1" branch="false"/>
								<line number="69" hits="1" branch="false"/>
								<line number="70" hits="1" branch="false"/>
							</lines>
						</method>
						<method name="getProbabilityOfDefaultMap" signature="()Lcom/google/common/collect/ImmutableMap;" line-rate="1.0" branch-rate="1.0" complexity="0">
							<lines>
								<line number="61" hits="1" branch="false"/>
								<line number="62" hits="2" branch="false"/>
								<line number="63" hits="2" branch="false"/>
								<line number="64" hits="2" branch="false"/>
								<line number="65" hits="2" branch="false"/>
								<line number="74" hits="1" branch="false"/>
								<line number="75" hits="1" branch="false"/>
								<line number="76" hits="1" branch="false"/>
								<line number="77" hits="1" branch="false"/>
								<line number="78" hits="1" branch="false"/>
							</lines>
						</method>
						<method name="lambda$getIndicativeQuote$1" signature="(Lcom/bold/risk/api/messages/IndicativeLoanRequest;Ljava/util/Map$Entry;)Lcom/bold/risk/api/model/LoanOption;" line-rate="1.0" branch-rate="1.0" complexity="0">
							<lines>
								<line number="43" hits="4" branch="false"/>
								<line number="44" hits="4" branch="false"/>
								<line number="45" hits="3" branch="false"/>
								<line number="46" hits="3" branch="false"/>
								<line number="47" hits="4" branch="false"/>
								<line number="58" hits="3" branch="false"/>
								<line number="59" hits="3" branch="false"/>
								<line number="60" hits="4" branch="false"/>
							</lines>
						</method>
					</methods>
					<lines>
						<line number="41" hits="1" branch="false"/>
						<line number="42" hits="1" branch="false"/>
						<line number="43" hits="4" branch="false"/>
						<line number="44" hits="4" branch="false"/>
						<line number="45" hits="3" branch="false"/>
						<line number="46" hits="3" branch="false"/>
						<line number="47" hits="4" branch="false"/>
						<line number="49" hits="1" branch="false"/>
						<line number="50" hits="1" branch="false"/>
						<line number="51" hits="1" branch="false"/>
						<line number="52" hits="1" branch="false"/>
						<line number="53" hits="2" branch="false"/>
						<line number="54" hits="2" branch="false"/>
						<line number="55" hits="5" branch="false"/>
						<line number="56" hits="4" branch="false"/>
						<line number="57" hits="4" branch="false"/>
						<line number="58" hits="3" branch="false"/>
						<line number="59" hits="3" branch="false"/>
						<line number="60" hits="4" branch="false"/>
						<line number="61" hits="1" branch="false"/>
						<line number="62" hits="2" branch="false"/>
						<line number="63" hits="2" branch="false"/>
						<line number="64" hits="2" branch="false"/>
						<line number="65" hits="2" branch="false"/>
						<line number="66" hits="1" branch="false"/>
						<line number="67" hits="1" branch="false"/>
						<line number="68" hits="1" branch="false"/>
						<line number="69" hits="1" branch="false"/>
						<line number="70" hits="1" branch="false"/>
						<line number="74" hits="1" branch="false"/>
						<line number="75" hits="1" branch="false"/>
						<line number="76" hits="1" branch="false"/>
						<line number="77" hits="1" branch="false"/>
						<line number="78" hits="1" branch="false"/>
					</lines>
				</class>
			</classes>
		</package>
		<package name="com.bold.risk.api.common" line-rate="1.0" branch-rate="1.0" complexity="0.0">
			<classes>
				<class name="com.bold.risk.api.common.RestErrorHandler" filename="com/bold/risk/api/common/RestErrorHandler.java" line-rate="1.0" branch-rate="1.0" complexity="0.0">
					<methods>
						<method name="handleMethodArgumentNotValidException" signature="(Lorg/springframework/web/bind/MethodArgumentNotValidException;)Lcom/bold/risk/api/model/ErrorMessages;" line-rate="1.0" branch-rate="1.0" complexity="0">
							<lines>
								<line number="36" hits="6" branch="false"/>
							</lines>
						</method>
						<method name="handleMethodArgumentNotValidException" signature="(Lorg/springframework/web/bind/MethodArgumentNotValidException;)Lcom/bold/risk/api/model/ValidationErrors;" line-rate="1.0" branch-rate="1.0" complexity="0">
							<lines>
								<line number="25" hits="6" branch="false"/>
								<line number="26" hits="6" branch="false"/>
								<line number="27" hits="6" branch="false"/>
								<line number="28" hits="6" branch="false"/>
								<line number="29" hits="6" branch="false"/>
								<line number="30" hits="9" branch="false"/>
								<line number="35" hits="6" branch="false"/>
							</lines>
						</method>
						<method name="lambda$handleMethodArgumentNotValidException$2" signature="(Lorg/springframework/validation/FieldError;)Lcom/bold/risk/api/model/ErrorMessage;" line-rate="1.0" branch-rate="1.0" complexity="0">
							<lines>
								<line number="31" hits="6" branch="false"/>
								<line number="32" hits="6" branch="false"/>
								<line number="33" hits="6" branch="false"/>
								<line number="34" hits="6" branch="false"/>
							</lines>
						</method>
					</methods>
					<lines>
						<line number="25" hits="6" branch="false"/>
						<line number="26" hits="6" branch="false"/>
						<line number="27" hits="6" branch="false"/>
						<line number="28" hits="6" branch="false"/>
						<line number="29" hits="6" branch="false"/>
						<line number="30" hits="9" branch="false"/>
						<line number="31" hits="6" branch="false"/>
						<line number="32" hits="6" branch="false"/>
						<line number="33" hits="6" branch="false"/>
						<line number="34" hits="6" branch="false"/>
						<line number="35" hits="6" branch="false"/>
						<line number="36" hits="6" branch="false"/>
					</lines>
				</class>
			</classes>
		</package>
		<package name="com.bold.risk.api.config" line-rate="1.0" branch-rate="1.0" complexity="1.0">
			<classes>
				<class name="com.bold.risk.api.config.MambuConfig" filename="com/bold/risk/api/config/MambuConfig.java" line-rate="1.0" branch-rate="1.0" complexity="1.0">
					<methods>
						<method name="createMambuAPIServiceFactory" signature="()Lcom/mambu/apisdk/MambuAPIServiceFactory;" line-rate="1.0" branch-rate="1.0" complexity="0">
							<lines>
								<line number="20" hits="4" branch="false"/>
								<line number="21" hits="2" branch="false"/>
							</lines>
						</method>
					</methods>
					<lines>
						<line number="20" hits="4" branch="false"/>
						<line number="21" hits="2" branch="false"/>
					</lines>
				</class>
				<class name="com.bold.risk.api.config.SwaggerConfig" filename="com/bold/risk/api/config/SwaggerConfig.java" line-rate="1.0" branch-rate="1.0" complexity="1.0">
					<methods>
						<method name="apiInfo" signature="()Lspringfox/documentation/service/ApiInfo;" line-rate="1.0" branch-rate="1.0" complexity="0">
							<lines>
								<line number="30" hits="2" branch="false"/>
								<line number="31" hits="2" branch="false"/>
								<line number="32" hits="2" branch="false"/>
								<line number="33" hits="2" branch="false"/>
								<line number="34" hits="2" branch="false"/>
								<line number="35" hits="2" branch="false"/>
								<line number="36" hits="2" branch="false"/>
							</lines>
						</method>
						<method name="newsApi" signature="()Lspringfox/documentation/spring/web/plugins/Docket;" line-rate="1.0" branch-rate="1.0" complexity="0">
							<lines>
								<line number="21" hits="2" branch="false"/>
								<line number="22" hits="2" branch="false"/>
								<line number="23" hits="2" branch="false"/>
								<line number="24" hits="2" branch="false"/>
								<line number="25" hits="2" branch="false"/>
								<line number="26" hits="2" branch="false"/>
							</lines>
						</method>
					</methods>
					<lines>
						<line number="21" hits="2" branch="false"/>
						<line number="22" hits="2" branch="false"/>
						<line number="23" hits="2" branch="false"/>
						<line number="24" hits="2" branch="false"/>
						<line number="25" hits="2" branch="false"/>
						<line number="26" hits="2" branch="false"/>
						<line number="30" hits="2" branch="false"/>
						<line number="31" hits="2" branch="false"/>
						<line number="32" hits="2" branch="false"/>
						<line number="33" hits="2" branch="false"/>
						<line number="34" hits="2" branch="false"/>
						<line number="35" hits="2" branch="false"/>
						<line number="36" hits="2" branch="false"/>
					</lines>
				</class>
			</classes>
		</package>
		<package name="com.bold.risk.api.loadproduct" line-rate="1.0" branch-rate="1.0" complexity="1.0">
			<classes>
				<class name="com.bold.risk.api.loadproduct.LoanProductController" filename="com/bold/risk/api/loadproduct/LoanProductController.java" line-rate="1.0" branch-rate="1.0" complexity="1.0">
					<methods>
						<method name="getLoanProduct" signature="()Ljava/util/List;" line-rate="1.0" branch-rate="1.0" complexity="0">
							<lines>
								<line number="27" hits="1" branch="false"/>
							</lines>
						</method>
					</methods>
					<lines>
						<line number="27" hits="1" branch="false"/>
					</lines>
				</class>
			</classes>
		</package>
		<package name="com.bold.risk.api.messages" line-rate="1.0" branch-rate="0.1111111111111111" complexity="0.0">
			<classes>
				<class name="com.bold.risk.api.messages.IndicativeLoanRequest" filename="com/bold/risk/api/messages/IndicativeLoanRequest.java" line-rate="1.0" branch-rate="0.1111111111111111" complexity="0.0">
					<methods>
						<method name="builder" signature="()Lcom/bold/risk/api/messages/IndicativeLoanRequest$IndicativeLoanRequestBuilder;" line-rate="1.0" branch-rate="1.0" complexity="0">
							<lines>
								<line number="15" hits="8" branch="false"/>
							</lines>
						</method>
						<method name="canEqual" signature="(Ljava/lang/Object;)Z" line-rate="1.0" branch-rate="1.0" complexity="0">
							<lines>
							</lines>
						</method>
						<method name="equals" signature="(Ljava/lang/Object;)Z" line-rate="1.0" branch-rate="1.0" complexity="0">
							<lines>
							</lines>
						</method>
						<method name="hashCode" signature="()I" line-rate="1.0" branch-rate="1.0" complexity="0">
							<lines>
							</lines>
						</method>
						<method name="toString" signature="()Ljava/lang/String;" line-rate="1.0" branch-rate="0.1111111111111111" complexity="0">
							<lines>
								<line number="14" hits="36" branch="true" condition-coverage="11% (2/18)">
									<conditions>
										<condition number="0" type="jump" coverage="50%"/>
										<condition number="1" type="jump" coverage="0%"/>
										<condition number="2" type="jump" coverage="0%"/>
										<condition number="3" type="jump" coverage="0%"/>
										<condition number="4" type="jump" coverage="0%"/>
										<condition number="5" type="jump" coverage="0%"/>
										<condition number="6" type="jump" coverage="0%"/>
										<condition number="7" type="jump" coverage="0%"/>
										<condition number="8" type="jump" coverage="50%"/>
									</conditions>
								</line>
							</lines>
						</method>
					</methods>
					<lines>
						<line number="14" hits="36" branch="true" condition-coverage="11% (2/18)">
							<conditions>
								<condition number="0" type="jump" coverage="50%"/>
								<condition number="1" type="jump" coverage="0%"/>
								<condition number="2" type="jump" coverage="0%"/>
								<condition number="3" type="jump" coverage="0%"/>
								<condition number="4" type="jump" coverage="0%"/>
								<condition number="5" type="jump" coverage="0%"/>
								<condition number="6" type="jump" coverage="0%"/>
								<condition number="7" type="jump" coverage="0%"/>
								<condition number="8" type="jump" coverage="50%"/>
							</conditions>
						</line>
						<line number="15" hits="8" branch="false"/>
					</lines>
				</class>
				<class name="com.bold.risk.api.messages.IndicativeLoanRequest$IndicativeLoanRequestBuilder" filename="com/bold/risk/api/messages/IndicativeLoanRequest.java" line-rate="1.0" branch-rate="1.0" complexity="0.0">
					<methods>
						<method name="amount" signature="(I)Lcom/bold/risk/api/messages/IndicativeLoanRequest$IndicativeLoanRequestBuilder;" line-rate="1.0" branch-rate="1.0" complexity="0">
							<lines>
							</lines>
						</method>
						<method name="build" signature="()Lcom/bold/risk/api/messages/IndicativeLoanRequest;" line-rate="1.0" branch-rate="1.0" complexity="0">
							<lines>
							</lines>
						</method>
						<method name="toString" signature="()Ljava/lang/String;" line-rate="1.0" branch-rate="1.0" complexity="0">
							<lines>
								<line number="15" hits="14" branch="false"/>
							</lines>
						</method>
						<method name="type" signature="(I)Lcom/bold/risk/api/messages/IndicativeLoanRequest$IndicativeLoanRequestBuilder;" line-rate="1.0" branch-rate="1.0" complexity="0">
							<lines>
							</lines>
						</method>
						<method name="type" signature="(Ljava/lang/String;)Lcom/bold/risk/api/messages/IndicativeLoanRequest$IndicativeLoanRequestBuilder;" line-rate="1.0" branch-rate="1.0" complexity="0">
							<lines>
							</lines>
						</method>
						<method name="value" signature="(I)Lcom/bold/risk/api/messages/IndicativeLoanRequest$IndicativeLoanRequestBuilder;" line-rate="1.0" branch-rate="1.0" complexity="0">
							<lines>
							</lines>
						</method>
					</methods>
					<lines>
						<line number="15" hits="14" branch="false"/>
					</lines>
				</class>
			</classes>
		</package>
		<package name="com.bold.risk.api.model" line-rate="1.0" branch-rate="0.0" complexity="0.0">
			<classes>
				<class name="com.bold.risk.api.model.AssetType" filename="com/bold/risk/api/model/AssetType.java" line-rate="1.0" branch-rate="0.0" complexity="0.0">
					<methods>
						<method name="builder" signature="()Lcom/bold/risk/api/model/AssetType$AssetTypeBuilder;" line-rate="1.0" branch-rate="1.0" complexity="0">
							<lines>
								<line number="9" hits="6" branch="false"/>
							</lines>
						</method>
						<method name="canEqual" signature="(Ljava/lang/Object;)Z" line-rate="1.0" branch-rate="1.0" complexity="0">
							<lines>
							</lines>
						</method>
						<method name="equals" signature="(Ljava/lang/Object;)Z" line-rate="1.0" branch-rate="1.0" complexity="0">
							<lines>
							</lines>
						</method>
						<method name="hashCode" signature="()I" line-rate="1.0" branch-rate="1.0" complexity="0">
							<lines>
							</lines>
						</method>
						<method name="toString" signature="()Ljava/lang/String;" line-rate="1.0" branch-rate="0.0" complexity="0">
							<lines>
								<line number="8" hits="3" branch="true" condition-coverage="0% (0/42)">
									<conditions>
										<condition number="0" type="jump" coverage="0%"/>
										<condition number="1" type="jump" coverage="0%"/>
										<condition number="2" type="jump" coverage="0%"/>
										<condition number="3" type="jump" coverage="0%"/>
										<condition number="4" type="jump" coverage="0%"/>
										<condition number="5" type="jump" coverage="0%"/>
										<condition number="6" type="jump" coverage="0%"/>
										<condition number="7" type="jump" coverage="0%"/>
										<condition number="8" type="jump" coverage="0%"/>
										<condition number="9" type="jump" coverage="0%"/>
										<condition number="10" type="jump" coverage="0%"/>
										<condition number="11" type="jump" coverage="0%"/>
										<condition number="12" type="jump" coverage="0%"/>
										<condition number="13" type="jump" coverage="0%"/>
										<condition number="14" type="jump" coverage="0%"/>
										<condition number="15" type="jump" coverage="0%"/>
										<condition number="16" type="jump" coverage="0%"/>
										<condition number="17" type="jump" coverage="0%"/>
										<condition number="18" type="jump" coverage="0%"/>
										<condition number="19" type="jump" coverage="0%"/>
										<condition number="20" type="jump" coverage="0%"/>
									</conditions>
								</line>
							</lines>
						</method>
					</methods>
					<lines>
						<line number="8" hits="3" branch="true" condition-coverage="0% (0/42)">
							<conditions>
								<condition number="0" type="jump" coverage="0%"/>
								<condition number="1" type="jump" coverage="0%"/>
								<condition number="2" type="jump" coverage="0%"/>
								<condition number="3" type="jump" coverage="0%"/>
								<condition number="4" type="jump" coverage="0%"/>
								<condition number="5" type="jump" coverage="0%"/>
								<condition number="6" type="jump" coverage="0%"/>
								<condition number="7" type="jump" coverage="0%"/>
								<condition number="8" type="jump" coverage="0%"/>
								<condition number="9" type="jump" coverage="0%"/>
								<condition number="10" type="jump" coverage="0%"/>
								<condition number="11" type="jump" coverage="0%"/>
								<condition number="12" type="jump" coverage="0%"/>
								<condition number="13" type="jump" coverage="0%"/>
								<condition number="14" type="jump" coverage="0%"/>
								<condition number="15" type="jump" coverage="0%"/>
								<condition number="16" type="jump" coverage="0%"/>
								<condition number="17" type="jump" coverage="0%"/>
								<condition number="18" type="jump" coverage="0%"/>
								<condition number="19" type="jump" coverage="0%"/>
								<condition number="20" type="jump" coverage="0%"/>
							</conditions>
						</line>
						<line number="9" hits="6" branch="false"/>
					</lines>
				</class>
				<class name="com.bold.risk.api.model.AssetType$AssetTypeBuilder" filename="com/bold/risk/api/model/AssetType.java" line-rate="1.0" branch-rate="1.0" complexity="0.0">
					<methods>
						<method name="build" signature="()Lcom/bold/risk/api/model/AssetType;" line-rate="1.0" branch-rate="1.0" complexity="0">
							<lines>
							</lines>
						</method>
						<method name="id" signature="(Ljava/lang/String;)Lcom/bold/risk/api/model/AssetType$AssetTypeBuilder;" line-rate="1.0" branch-rate="1.0" complexity="0">
							<lines>
							</lines>
						</method>
						<method name="maxAmount" signature="(Ljava/math/BigDecimal;)Lcom/bold/risk/api/model/AssetType$AssetTypeBuilder;" line-rate="1.0" branch-rate="1.0" complexity="0">
							<lines>
							</lines>
						</method>
						<method name="maxDuration" signature="(I)Lcom/bold/risk/api/model/AssetType$AssetTypeBuilder;" line-rate="1.0" branch-rate="1.0" complexity="0">
							<lines>
							</lines>
						</method>
						<method name="minAmount" signature="(Ljava/math/BigDecimal;)Lcom/bold/risk/api/model/AssetType$AssetTypeBuilder;" line-rate="1.0" branch-rate="1.0" complexity="0">
							<lines>
							</lines>
						</method>
						<method name="minDuration" signature="(I)Lcom/bold/risk/api/model/AssetType$AssetTypeBuilder;" line-rate="1.0" branch-rate="1.0" complexity="0">
							<lines>
							</lines>
						</method>
						<method name="name" signature="(Ljava/lang/String;)Lcom/bold/risk/api/model/AssetType$AssetTypeBuilder;" line-rate="1.0" branch-rate="1.0" complexity="0">
							<lines>
							</lines>
						</method>
						<method name="toString" signature="()Ljava/lang/String;" line-rate="1.0" branch-rate="1.0" complexity="0">
							<lines>
								<line number="9" hits="42" branch="false"/>
							</lines>
						</method>
					</methods>
					<lines>
						<line number="9" hits="42" branch="false"/>
					</lines>
				</class>
				<class name="com.bold.risk.api.model.ErrorMessage" filename="com/bold/risk/api/model/ErrorMessage.java" line-rate="1.0" branch-rate="0.0" complexity="0.0">
					<methods>
						<method name="builder" signature="()Lcom/bold/risk/api/model/ErrorMessage$ErrorMessageBuilder;" line-rate="1.0" branch-rate="1.0" complexity="0">
							<lines>
								<line number="12" hits="12" branch="false"/>
							</lines>
						</method>
						<method name="canEqual" signature="(Ljava/lang/Object;)Z" line-rate="1.0" branch-rate="1.0" complexity="0">
							<lines>
							</lines>
						</method>
						<method name="equals" signature="(Ljava/lang/Object;)Z" line-rate="1.0" branch-rate="1.0" complexity="0">
							<lines>
							</lines>
						</method>
						<method name="hashCode" signature="()I" line-rate="1.0" branch-rate="1.0" complexity="0">
							<lines>
							</lines>
						</method>
						<method name="toString" signature="()Ljava/lang/String;" line-rate="1.0" branch-rate="0.0" complexity="0">
							<lines>
								<line number="11" hits="6" branch="true" condition-coverage="0% (0/30)">
									<conditions>
										<condition number="0" type="jump" coverage="0%"/>
										<condition number="1" type="jump" coverage="0%"/>
										<condition number="2" type="jump" coverage="0%"/>
										<condition number="3" type="jump" coverage="0%"/>
										<condition number="4" type="jump" coverage="0%"/>
										<condition number="5" type="jump" coverage="0%"/>
										<condition number="6" type="jump" coverage="0%"/>
										<condition number="7" type="jump" coverage="0%"/>
										<condition number="8" type="jump" coverage="0%"/>
										<condition number="9" type="jump" coverage="0%"/>
										<condition number="10" type="jump" coverage="0%"/>
										<condition number="11" type="jump" coverage="0%"/>
										<condition number="12" type="jump" coverage="0%"/>
										<condition number="13" type="jump" coverage="0%"/>
										<condition number="14" type="jump" coverage="0%"/>
									</conditions>
								</line>
							</lines>
						</method>
					</methods>
					<lines>
						<line number="11" hits="6" branch="true" condition-coverage="0% (0/30)">
							<conditions>
								<condition number="0" type="jump" coverage="0%"/>
								<condition number="1" type="jump" coverage="0%"/>
								<condition number="2" type="jump" coverage="0%"/>
								<condition number="3" type="jump" coverage="0%"/>
								<condition number="4" type="jump" coverage="0%"/>
								<condition number="5" type="jump" coverage="0%"/>
								<condition number="6" type="jump" coverage="0%"/>
								<condition number="7" type="jump" coverage="0%"/>
								<condition number="8" type="jump" coverage="0%"/>
								<condition number="9" type="jump" coverage="0%"/>
								<condition number="10" type="jump" coverage="0%"/>
								<condition number="11" type="jump" coverage="0%"/>
								<condition number="12" type="jump" coverage="0%"/>
								<condition number="13" type="jump" coverage="0%"/>
								<condition number="14" type="jump" coverage="0%"/>
							</conditions>
						</line>
						<line number="12" hits="12" branch="false"/>
					</lines>
				</class>
				<class name="com.bold.risk.api.model.ErrorMessage$ErrorMessageBuilder" filename="com/bold/risk/api/model/ErrorMessage.java" line-rate="1.0" branch-rate="1.0" complexity="0.0">
					<methods>
						<method name="arguments" signature="(Ljava/util/List;)Lcom/bold/risk/api/model/ErrorMessage$ErrorMessageBuilder;" line-rate="1.0" branch-rate="1.0" complexity="0">
							<lines>
							</lines>
						</method>
						<method name="build" signature="()Lcom/bold/risk/api/model/ErrorMessage;" line-rate="1.0" branch-rate="1.0" complexity="0">
							<lines>
							</lines>
						</method>
						<method name="code" signature="(Ljava/lang/String;)Lcom/bold/risk/api/model/ErrorMessage$ErrorMessageBuilder;" line-rate="1.0" branch-rate="1.0" complexity="0">
							<lines>
							</lines>
						</method>
						<method name="field" signature="(Ljava/lang/String;)Lcom/bold/risk/api/model/ErrorMessage$ErrorMessageBuilder;" line-rate="1.0" branch-rate="1.0" complexity="0">
							<lines>
							</lines>
						</method>
						<method name="toString" signature="()Ljava/lang/String;" line-rate="1.0" branch-rate="1.0" complexity="0">
							<lines>
								<line number="12" hits="42" branch="false"/>
							</lines>
						</method>
					</methods>
					<lines>
						<line number="12" hits="42" branch="false"/>
					</lines>
				</class>
				<class name="com.bold.risk.api.model.ErrorMessages" filename="com/bold/risk/api/model/ErrorMessages.java" line-rate="1.0" branch-rate="0.0" complexity="0.0">
					<methods>
						<method name="builder" signature="()Lcom/bold/risk/api/model/ErrorMessages$ErrorMessagesBuilder;" line-rate="1.0" branch-rate="1.0" complexity="0">
							<lines>
								<line number="12" hits="6" branch="false"/>
							</lines>
						</method>
						<method name="canEqual" signature="(Ljava/lang/Object;)Z" line-rate="1.0" branch-rate="1.0" complexity="0">
							<lines>
							</lines>
						</method>
						<method name="equals" signature="(Ljava/lang/Object;)Z" line-rate="1.0" branch-rate="1.0" complexity="0">
							<lines>
							</lines>
						</method>
						<method name="hashCode" signature="()I" line-rate="1.0" branch-rate="1.0" complexity="0">
							<lines>
							</lines>
						</method>
						<method name="toString" signature="()Ljava/lang/String;" line-rate="1.0" branch-rate="0.0" complexity="0">
							<lines>
								<line number="11" hits="3" branch="true" condition-coverage="0% (0/24)">
									<conditions>
										<condition number="0" type="jump" coverage="0%"/>
										<condition number="1" type="jump" coverage="0%"/>
										<condition number="2" type="jump" coverage="0%"/>
										<condition number="3" type="jump" coverage="0%"/>
										<condition number="4" type="jump" coverage="0%"/>
										<condition number="5" type="jump" coverage="0%"/>
										<condition number="6" type="jump" coverage="0%"/>
										<condition number="7" type="jump" coverage="0%"/>
										<condition number="8" type="jump" coverage="0%"/>
										<condition number="9" type="jump" coverage="0%"/>
										<condition number="10" type="jump" coverage="0%"/>
										<condition number="11" type="jump" coverage="0%"/>
									</conditions>
								</line>
							</lines>
						</method>
					</methods>
					<lines>
						<line number="11" hits="3" branch="true" condition-coverage="0% (0/24)">
							<conditions>
								<condition number="0" type="jump" coverage="0%"/>
								<condition number="1" type="jump" coverage="0%"/>
								<condition number="2" type="jump" coverage="0%"/>
								<condition number="3" type="jump" coverage="0%"/>
								<condition number="4" type="jump" coverage="0%"/>
								<condition number="5" type="jump" coverage="0%"/>
								<condition number="6" type="jump" coverage="0%"/>
								<condition number="7" type="jump" coverage="0%"/>
								<condition number="8" type="jump" coverage="0%"/>
								<condition number="9" type="jump" coverage="0%"/>
								<condition number="10" type="jump" coverage="0%"/>
								<condition number="11" type="jump" coverage="0%"/>
							</conditions>
						</line>
						<line number="12" hits="6" branch="false"/>
					</lines>
				</class>
				<class name="com.bold.risk.api.model.ErrorMessages$ErrorMessagesBuilder" filename="com/bold/risk/api/model/ErrorMessages.java" line-rate="1.0" branch-rate="1.0" complexity="0.0">
					<methods>
						<method name="build" signature="()Lcom/bold/risk/api/model/ErrorMessages;" line-rate="1.0" branch-rate="1.0" complexity="0">
							<lines>
							</lines>
						</method>
						<method name="messages" signature="(Ljava/util/List;)Lcom/bold/risk/api/model/ErrorMessages$ErrorMessagesBuilder;" line-rate="1.0" branch-rate="1.0" complexity="0">
							<lines>
							</lines>
						</method>
						<method name="reason" signature="(Ljava/lang/String;)Lcom/bold/risk/api/model/ErrorMessages$ErrorMessagesBuilder;" line-rate="1.0" branch-rate="1.0" complexity="0">
							<lines>
							</lines>
						</method>
						<method name="status" signature="(I)Lcom/bold/risk/api/model/ErrorMessages$ErrorMessagesBuilder;" line-rate="1.0" branch-rate="1.0" complexity="0">
							<lines>
							</lines>
						</method>
						<method name="toString" signature="()Ljava/lang/String;" line-rate="1.0" branch-rate="1.0" complexity="0">
							<lines>
								<line number="12" hits="24" branch="false"/>
							</lines>
						</method>
					</methods>
					<lines>
						<line number="12" hits="24" branch="false"/>
					</lines>
				</class>
				<class name="com.bold.risk.api.model.IndicativeLoan" filename="com/bold/risk/api/model/IndicativeLoan.java" line-rate="1.0" branch-rate="0.0" complexity="0.0">
					<methods>
						<method name="builder" signature="()Lcom/bold/risk/api/model/IndicativeLoan$IndicativeLoanBuilder;" line-rate="1.0" branch-rate="1.0" complexity="0">
							<lines>
								<line number="11" hits="4" branch="false"/>
							</lines>
						</method>
						<method name="canEqual" signature="(Ljava/lang/Object;)Z" line-rate="1.0" branch-rate="1.0" complexity="0">
							<lines>
							</lines>
						</method>
						<method name="equals" signature="(Ljava/lang/Object;)Z" line-rate="1.0" branch-rate="1.0" complexity="0">
							<lines>
							</lines>
						</method>
						<method name="hashCode" signature="()I" line-rate="1.0" branch-rate="1.0" complexity="0">
							<lines>
							</lines>
						</method>
						<method name="toString" signature="()Ljava/lang/String;" line-rate="1.0" branch-rate="0.0" complexity="0">
							<lines>
								<line number="10" hits="2" branch="true" condition-coverage="0% (0/28)">
									<conditions>
										<condition number="0" type="jump" coverage="0%"/>
										<condition number="1" type="jump" coverage="0%"/>
										<condition number="2" type="jump" coverage="0%"/>
										<condition number="3" type="jump" coverage="0%"/>
										<condition number="4" type="jump" coverage="0%"/>
										<condition number="5" type="jump" coverage="0%"/>
										<condition number="6" type="jump" coverage="0%"/>
										<condition number="7" type="jump" coverage="0%"/>
										<condition number="8" type="jump" coverage="0%"/>
										<condition number="9" type="jump" coverage="0%"/>
										<condition number="10" type="jump" coverage="0%"/>
										<condition number="11" type="jump" coverage="0%"/>
										<condition number="12" type="jump" coverage="0%"/>
										<condition number="13" type="jump" coverage="0%"/>
									</conditions>
								</line>
							</lines>
						</method>
					</methods>
					<lines>
						<line number="10" hits="2" branch="true" condition-coverage="0% (0/28)">
							<conditions>
								<condition number="0" type="jump" coverage="0%"/>
								<condition number="1" type="jump" coverage="0%"/>
								<condition number="2" type="jump" coverage="0%"/>
								<condition number="3" type="jump" coverage="0%"/>
								<condition number="4" type="jump" coverage="0%"/>
								<condition number="5" type="jump" coverage="0%"/>
								<condition number="6" type="jump" coverage="0%"/>
								<condition number="7" type="jump" coverage="0%"/>
								<condition number="8" type="jump" coverage="0%"/>
								<condition number="9" type="jump" coverage="0%"/>
								<condition number="10" type="jump" coverage="0%"/>
								<condition number="11" type="jump" coverage="0%"/>
								<condition number="12" type="jump" coverage="0%"/>
								<condition number="13" type="jump" coverage="0%"/>
							</conditions>
						</line>
						<line number="11" hits="4" branch="false"/>
					</lines>
				</class>
				<class name="com.bold.risk.api.model.IndicativeLoan$IndicativeLoanBuilder" filename="com/bold/risk/api/model/IndicativeLoan.java" line-rate="1.0" branch-rate="1.0" complexity="0.0">
					<methods>
						<method name="approvedAmount" signature="(D)Lcom/bold/risk/api/model/IndicativeLoan$IndicativeLoanBuilder;" line-rate="1.0" branch-rate="1.0" complexity="0">
							<lines>
							</lines>
						</method>
						<method name="build" signature="()Lcom/bold/risk/api/model/IndicativeLoan;" line-rate="1.0" branch-rate="1.0" complexity="0">
							<lines>
							</lines>
						</method>
						<method name="duration" signature="(I)Lcom/bold/risk/api/model/IndicativeLoan$IndicativeLoanBuilder;" line-rate="1.0" branch-rate="1.0" complexity="0">
							<lines>
							</lines>
						</method>
						<method name="maximumDuration" signature="(I)Lcom/bold/risk/api/model/IndicativeLoan$IndicativeLoanBuilder;" line-rate="1.0" branch-rate="1.0" complexity="0">
							<lines>
							</lines>
						</method>
						<method name="minimumDuration" signature="(I)Lcom/bold/risk/api/model/IndicativeLoan$IndicativeLoanBuilder;" line-rate="1.0" branch-rate="1.0" complexity="0">
							<lines>
							</lines>
						</method>
						<method name="options" signature="(Ljava/util/List;)Lcom/bold/risk/api/model/IndicativeLoan$IndicativeLoanBuilder;" line-rate="1.0" branch-rate="1.0" complexity="0">
							<lines>
							</lines>
						</method>
						<method name="status" signature="(Z)Lcom/bold/risk/api/model/IndicativeLoan$IndicativeLoanBuilder;" line-rate="1.0" branch-rate="1.0" complexity="0">
							<lines>
							</lines>
						</method>
						<method name="statusCode" signature="(I)Lcom/bold/risk/api/model/IndicativeLoan$IndicativeLoanBuilder;" line-rate="1.0" branch-rate="1.0" complexity="0">
							<lines>
							</lines>
						</method>
						<method name="toString" signature="()Ljava/lang/String;" line-rate="1.0" branch-rate="1.0" complexity="0">
							<lines>
								<line number="11" hits="32" branch="false"/>
							</lines>
						</method>
					</methods>
					<lines>
						<line number="11" hits="32" branch="false"/>
					</lines>
				</class>
				<class name="com.bold.risk.api.model.LoanOption" filename="com/bold/risk/api/model/LoanOption.java" line-rate="1.0" branch-rate="0.0" complexity="0.0">
					<methods>
						<method name="builder" signature="()Lcom/bold/risk/api/model/LoanOption$LoanOptionBuilder;" line-rate="1.0" branch-rate="1.0" complexity="0">
							<lines>
								<line number="9" hits="12" branch="false"/>
							</lines>
						</method>
						<method name="canEqual" signature="(Ljava/lang/Object;)Z" line-rate="1.0" branch-rate="1.0" complexity="0">
							<lines>
							</lines>
						</method>
						<method name="equals" signature="(Ljava/lang/Object;)Z" line-rate="1.0" branch-rate="1.0" complexity="0">
							<lines>
							</lines>
						</method>
						<method name="hashCode" signature="()I" line-rate="1.0" branch-rate="1.0" complexity="0">
							<lines>
							</lines>
						</method>
						<method name="toString" signature="()Ljava/lang/String;" line-rate="1.0" branch-rate="0.0" complexity="0">
							<lines>
								<line number="8" hits="6" branch="true" condition-coverage="0% (0/20)">
									<conditions>
										<condition number="0" type="jump" coverage="0%"/>
										<condition number="1" type="jump" coverage="0%"/>
										<condition number="2" type="jump" coverage="0%"/>
										<condition number="3" type="jump" coverage="0%"/>
										<condition number="4" type="jump" coverage="0%"/>
										<condition number="5" type="jump" coverage="0%"/>
										<condition number="6" type="jump" coverage="0%"/>
										<condition number="7" type="jump" coverage="0%"/>
										<condition number="8" type="jump" coverage="0%"/>
										<condition number="9" type="jump" coverage="0%"/>
									</conditions>
								</line>
							</lines>
						</method>
					</methods>
					<lines>
						<line number="8" hits="6" branch="true" condition-coverage="0% (0/20)">
							<conditions>
								<condition number="0" type="jump" coverage="0%"/>
								<condition number="1" type="jump" coverage="0%"/>
								<condition number="2" type="jump" coverage="0%"/>
								<condition number="3" type="jump" coverage="0%"/>
								<condition number="4" type="jump" coverage="0%"/>
								<condition number="5" type="jump" coverage="0%"/>
								<condition number="6" type="jump" coverage="0%"/>
								<condition number="7" type="jump" coverage="0%"/>
								<condition number="8" type="jump" coverage="0%"/>
								<condition number="9" type="jump" coverage="0%"/>
							</conditions>
						</line>
						<line number="9" hits="12" branch="false"/>
					</lines>
				</class>
				<class name="com.bold.risk.api.model.LoanOption$LoanOptionBuilder" filename="com/bold/risk/api/model/LoanOption.java" line-rate="1.0" branch-rate="1.0" complexity="0.0">
					<methods>
						<method name="build" signature="()Lcom/bold/risk/api/model/LoanOption;" line-rate="1.0" branch-rate="1.0" complexity="0">
							<lines>
							</lines>
						</method>
						<method name="id" signature="(I)Lcom/bold/risk/api/model/LoanOption$LoanOptionBuilder;" line-rate="1.0" branch-rate="1.0" complexity="0">
							<lines>
							</lines>
						</method>
						<method name="installment" signature="(D)Lcom/bold/risk/api/model/LoanOption$LoanOptionBuilder;" line-rate="1.0" branch-rate="1.0" complexity="0">
							<lines>
							</lines>
						</method>
						<method name="interest" signature="(D)Lcom/bold/risk/api/model/LoanOption$LoanOptionBuilder;" line-rate="1.0" branch-rate="1.0" complexity="0">
							<lines>
							</lines>
						</method>
						<method name="interestRate" signature="(D)Lcom/bold/risk/api/model/LoanOption$LoanOptionBuilder;" line-rate="1.0" branch-rate="1.0" complexity="0">
							<lines>
							</lines>
						</method>
						<method name="rating" signature="(Ljava/lang/String;)Lcom/bold/risk/api/model/LoanOption$LoanOptionBuilder;" line-rate="1.0" branch-rate="1.0" complexity="0">
							<lines>
							</lines>
						</method>
						<method name="toString" signature="()Ljava/lang/String;" line-rate="1.0" branch-rate="1.0" complexity="0">
							<lines>
								<line number="9" hits="54" branch="false"/>
							</lines>
						</method>
					</methods>
					<lines>
						<line number="9" hits="54" branch="false"/>
					</lines>
				</class>
				<class name="com.bold.risk.api.model.LoanProduct" filename="com/bold/risk/api/model/LoanProduct.java" line-rate="1.0" branch-rate="0.0" complexity="0.0">
					<methods>
						<method name="builder" signature="()Lcom/bold/risk/api/model/LoanProduct$LoanProductBuilder;" line-rate="1.0" branch-rate="1.0" complexity="0">
							<lines>
								<line number="9" hits="6" branch="false"/>
							</lines>
						</method>
						<method name="canEqual" signature="(Ljava/lang/Object;)Z" line-rate="1.0" branch-rate="1.0" complexity="0">
							<lines>
							</lines>
						</method>
						<method name="equals" signature="(Ljava/lang/Object;)Z" line-rate="1.0" branch-rate="1.0" complexity="0">
							<lines>
							</lines>
						</method>
						<method name="hashCode" signature="()I" line-rate="1.0" branch-rate="1.0" complexity="0">
							<lines>
							</lines>
						</method>
						<method name="toString" signature="()Ljava/lang/String;" line-rate="1.0" branch-rate="0.0" complexity="0">
							<lines>
								<line number="8" hits="3" branch="true" condition-coverage="0% (0/42)">
									<conditions>
										<condition number="0" type="jump" coverage="0%"/>
										<condition number="1" type="jump" coverage="0%"/>
										<condition number="2" type="jump" coverage="0%"/>
										<condition number="3" type="jump" coverage="0%"/>
										<condition number="4" type="jump" coverage="0%"/>
										<condition number="5" type="jump" coverage="0%"/>
										<condition number="6" type="jump" coverage="0%"/>
										<condition number="7" type="jump" coverage="0%"/>
										<condition number="8" type="jump" coverage="0%"/>
										<condition number="9" type="jump" coverage="0%"/>
										<condition number="10" type="jump" coverage="0%"/>
										<condition number="11" type="jump" coverage="0%"/>
										<condition number="12" type="jump" coverage="0%"/>
										<condition number="13" type="jump" coverage="0%"/>
										<condition number="14" type="jump" coverage="0%"/>
										<condition number="15" type="jump" coverage="0%"/>
										<condition number="16" type="jump" coverage="0%"/>
										<condition number="17" type="jump" coverage="0%"/>
										<condition number="18" type="jump" coverage="0%"/>
										<condition number="19" type="jump" coverage="0%"/>
										<condition number="20" type="jump" coverage="0%"/>
									</conditions>
								</line>
							</lines>
						</method>
					</methods>
					<lines>
						<line number="8" hits="3" branch="true" condition-coverage="0% (0/42)">
							<conditions>
								<condition number="0" type="jump" coverage="0%"/>
								<condition number="1" type="jump" coverage="0%"/>
								<condition number="2" type="jump" coverage="0%"/>
								<condition number="3" type="jump" coverage="0%"/>
								<condition number="4" type="jump" coverage="0%"/>
								<condition number="5" type="jump" coverage="0%"/>
								<condition number="6" type="jump" coverage="0%"/>
								<condition number="7" type="jump" coverage="0%"/>
								<condition number="8" type="jump" coverage="0%"/>
								<condition number="9" type="jump" coverage="0%"/>
								<condition number="10" type="jump" coverage="0%"/>
								<condition number="11" type="jump" coverage="0%"/>
								<condition number="12" type="jump" coverage="0%"/>
								<condition number="13" type="jump" coverage="0%"/>
								<condition number="14" type="jump" coverage="0%"/>
								<condition number="15" type="jump" coverage="0%"/>
								<condition number="16" type="jump" coverage="0%"/>
								<condition number="17" type="jump" coverage="0%"/>
								<condition number="18" type="jump" coverage="0%"/>
								<condition number="19" type="jump" coverage="0%"/>
								<condition number="20" type="jump" coverage="0%"/>
							</conditions>
						</line>
						<line number="9" hits="6" branch="false"/>
					</lines>
				</class>
				<class name="com.bold.risk.api.model.LoanProduct$LoanProductBuilder" filename="com/bold/risk/api/model/LoanProduct.java" line-rate="1.0" branch-rate="1.0" complexity="0.0">
					<methods>
						<method name="build" signature="()Lcom/bold/risk/api/model/LoanProduct;" line-rate="1.0" branch-rate="1.0" complexity="0">
							<lines>
							</lines>
						</method>
						<method name="id" signature="(Ljava/lang/String;)Lcom/bold/risk/api/model/LoanProduct$LoanProductBuilder;" line-rate="1.0" branch-rate="1.0" complexity="0">
							<lines>
							</lines>
						</method>
						<method name="maxLoanAmount" signature="(Ljava/math/BigDecimal;)Lcom/bold/risk/api/model/LoanProduct$LoanProductBuilder;" line-rate="1.0" branch-rate="1.0" complexity="0">
							<lines>
							</lines>
						</method>
						<method name="maxNumInstallments" signature="(I)Lcom/bold/risk/api/model/LoanProduct$LoanProductBuilder;" line-rate="1.0" branch-rate="1.0" complexity="0">
							<lines>
							</lines>
						</method>
						<method name="minLoanAmount" signature="(Ljava/math/BigDecimal;)Lcom/bold/risk/api/model/LoanProduct$LoanProductBuilder;" line-rate="1.0" branch-rate="1.0" complexity="0">
							<lines>
							</lines>
						</method>
						<method name="minNumInstallments" signature="(I)Lcom/bold/risk/api/model/LoanProduct$LoanProductBuilder;" line-rate="1.0" branch-rate="1.0" complexity="0">
							<lines>
							</lines>
						</method>
						<method name="name" signature="(Ljava/lang/String;)Lcom/bold/risk/api/model/LoanProduct$LoanProductBuilder;" line-rate="1.0" branch-rate="1.0" complexity="0">
							<lines>
							</lines>
						</method>
						<method name="toString" signature="()Ljava/lang/String;" line-rate="1.0" branch-rate="1.0" complexity="0">
							<lines>
								<line number="9" hits="42" branch="false"/>
							</lines>
						</method>
					</methods>
					<lines>
						<line number="9" hits="42" branch="false"/>
					</lines>
				</class>
				<class name="com.bold.risk.api.model.ValidationErrors" filename="com/bold/risk/api/model/ValidationErrors.java" line-rate="1.0" branch-rate="0.0" complexity="0.0">
					<methods>
						<method name="builder" signature="()Lcom/bold/risk/api/model/ValidationErrors$ValidationErrorsBuilder;" line-rate="1.0" branch-rate="1.0" complexity="0">
							<lines>
								<line number="12" hits="6" branch="false"/>
							</lines>
						</method>
						<method name="canEqual" signature="(Ljava/lang/Object;)Z" line-rate="1.0" branch-rate="1.0" complexity="0">
							<lines>
							</lines>
						</method>
						<method name="equals" signature="(Ljava/lang/Object;)Z" line-rate="1.0" branch-rate="1.0" complexity="0">
							<lines>
							</lines>
						</method>
						<method name="hashCode" signature="()I" line-rate="1.0" branch-rate="1.0" complexity="0">
							<lines>
							</lines>
						</method>
						<method name="toString" signature="()Ljava/lang/String;" line-rate="1.0" branch-rate="0.0" complexity="0">
							<lines>
								<line number="11" hits="3" branch="true" condition-coverage="0% (0/24)">
									<conditions>
										<condition number="0" type="jump" coverage="0%"/>
										<condition number="1" type="jump" coverage="0%"/>
										<condition number="2" type="jump" coverage="0%"/>
										<condition number="3" type="jump" coverage="0%"/>
										<condition number="4" type="jump" coverage="0%"/>
										<condition number="5" type="jump" coverage="0%"/>
										<condition number="6" type="jump" coverage="0%"/>
										<condition number="7" type="jump" coverage="0%"/>
										<condition number="8" type="jump" coverage="0%"/>
										<condition number="9" type="jump" coverage="0%"/>
										<condition number="10" type="jump" coverage="0%"/>
										<condition number="11" type="jump" coverage="0%"/>
									</conditions>
								</line>
							</lines>
						</method>
					</methods>
					<lines>
						<line number="11" hits="3" branch="true" condition-coverage="0% (0/24)">
							<conditions>
								<condition number="0" type="jump" coverage="0%"/>
								<condition number="1" type="jump" coverage="0%"/>
								<condition number="2" type="jump" coverage="0%"/>
								<condition number="3" type="jump" coverage="0%"/>
								<condition number="4" type="jump" coverage="0%"/>
								<condition number="5" type="jump" coverage="0%"/>
								<condition number="6" type="jump" coverage="0%"/>
								<condition number="7" type="jump" coverage="0%"/>
								<condition number="8" type="jump" coverage="0%"/>
								<condition number="9" type="jump" coverage="0%"/>
								<condition number="10" type="jump" coverage="0%"/>
								<condition number="11" type="jump" coverage="0%"/>
							</conditions>
						</line>
						<line number="12" hits="6" branch="false"/>
					</lines>
				</class>
				<class name="com.bold.risk.api.model.ValidationErrors$ValidationErrorsBuilder" filename="com/bold/risk/api/model/ValidationErrors.java" line-rate="1.0" branch-rate="1.0" complexity="0.0">
					<methods>
						<method name="build" signature="()Lcom/bold/risk/api/model/ValidationErrors;" line-rate="1.0" branch-rate="1.0" complexity="0">
							<lines>
							</lines>
						</method>
						<method name="fieldErrors" signature="(Ljava/util/Map;)Lcom/bold/risk/api/model/ValidationErrors$ValidationErrorsBuilder;" line-rate="1.0" branch-rate="1.0" complexity="0">
							<lines>
							</lines>
						</method>
						<method name="reason" signature="(Ljava/lang/String;)Lcom/bold/risk/api/model/ValidationErrors$ValidationErrorsBuilder;" line-rate="1.0" branch-rate="1.0" complexity="0">
							<lines>
							</lines>
						</method>
						<method name="status" signature="(I)Lcom/bold/risk/api/model/ValidationErrors$ValidationErrorsBuilder;" line-rate="1.0" branch-rate="1.0" complexity="0">
							<lines>
							</lines>
						</method>
						<method name="toString" signature="()Ljava/lang/String;" line-rate="1.0" branch-rate="1.0" complexity="0">
							<lines>
								<line number="12" hits="24" branch="false"/>
							</lines>
						</method>
					</methods>
					<lines>
						<line number="12" hits="24" branch="false"/>
					</lines>
				</class>
			</classes>
		</package>
		<package name="com.bold.risk.api.properties" line-rate="0.5" branch-rate="0.0" complexity="1.0">
			<classes>
				<class name="com.bold.risk.api.properties.MambuConfigurationProperties" filename="com/bold/risk/api/properties/MambuConfigurationProperties.java" line-rate="0.5" branch-rate="0.0" complexity="1.0">
					<methods>
						<method name="canEqual" signature="(Ljava/lang/Object;)Z" line-rate="1.0" branch-rate="1.0" complexity="0">
							<lines>
							</lines>
						</method>
						<method name="equals" signature="(Ljava/lang/Object;)Z" line-rate="1.0" branch-rate="1.0" complexity="0">
							<lines>
							</lines>
						</method>
						<method name="getLoanProductTypesArray" signature="()[Ljava/lang/String;" line-rate="1.0" branch-rate="1.0" complexity="0">
							<lines>
								<line number="17" hits="2" branch="false"/>
							</lines>
						</method>
						<method name="hashCode" signature="()I" line-rate="1.0" branch-rate="1.0" complexity="0">
							<lines>
							</lines>
						</method>
						<method name="toString" signature="()Ljava/lang/String;" line-rate="0.0" branch-rate="0.0" complexity="0">
							<lines>
								<line number="9" hits="0" branch="true" condition-coverage="0% (0/38)">
									<conditions>
										<condition number="0" type="jump" coverage="0%"/>
										<condition number="1" type="jump" coverage="0%"/>
										<condition number="2" type="jump" coverage="0%"/>
										<condition number="3" type="jump" coverage="0%"/>
										<condition number="4" type="jump" coverage="0%"/>
										<condition number="5" type="jump" coverage="0%"/>
										<condition number="6" type="jump" coverage="0%"/>
										<condition number="7" type="jump" coverage="0%"/>
										<condition number="8" type="jump" coverage="0%"/>
										<condition number="9" type="jump" coverage="0%"/>
										<condition number="10" type="jump" coverage="0%"/>
										<condition number="11" type="jump" coverage="0%"/>
										<condition number="12" type="jump" coverage="0%"/>
										<condition number="13" type="jump" coverage="0%"/>
										<condition number="14" type="jump" coverage="0%"/>
										<condition number="15" type="jump" coverage="0%"/>
										<condition number="16" type="jump" coverage="0%"/>
										<condition number="17" type="jump" coverage="0%"/>
										<condition number="18" type="jump" coverage="0%"/>
									</conditions>
								</line>
							</lines>
						</method>
					</methods>
					<lines>
						<line number="9" hits="0" branch="true" condition-coverage="0% (0/38)">
							<conditions>
								<condition number="0" type="jump" coverage="0%"/>
								<condition number="1" type="jump" coverage="0%"/>
								<condition number="2" type="jump" coverage="0%"/>
								<condition number="3" type="jump" coverage="0%"/>
								<condition number="4" type="jump" coverage="0%"/>
								<condition number="5" type="jump" coverage="0%"/>
								<condition number="6" type="jump" coverage="0%"/>
								<condition number="7" type="jump" coverage="0%"/>
								<condition number="8" type="jump" coverage="0%"/>
								<condition number="9" type="jump" coverage="0%"/>
								<condition number="10" type="jump" coverage="0%"/>
								<condition number="11" type="jump" coverage="0%"/>
								<condition number="12" type="jump" coverage="0%"/>
								<condition number="13" type="jump" coverage="0%"/>
								<condition number="14" type="jump" coverage="0%"/>
								<condition number="15" type="jump" coverage="0%"/>
								<condition number="16" type="jump" coverage="0%"/>
								<condition number="17" type="jump" coverage="0%"/>
								<condition number="18" type="jump" coverage="0%"/>
							</conditions>
						</line>
						<line number="17" hits="2" branch="false"/>
					</lines>
				</class>
			</classes>
		</package>
		<package name="com.bold.risk.api.services" line-rate="0.9411764705882353" branch-rate="1.0" complexity="1.0">
			<classes>
				<class name="com.bold.risk.api.services.FetchAssetTypesService" filename="com/bold/risk/api/services/FetchAssetTypesService.java" line-rate="0.92" branch-rate="1.0" complexity="0.0">
					<methods>
						<method name="&lt;clinit&gt;" signature="()V" line-rate="1.0" branch-rate="1.0" complexity="0">
							<lines>
								<line number="20" hits="1" branch="false"/>
								<line number="27" hits="1" branch="false"/>
							</lines>
						</method>
						<method name="createAssetType" signature="(Lcom/mambu/loans/shared/model/LoanProduct;)Lcom/bold/risk/api/model/AssetType;" line-rate="1.0" branch-rate="1.0" complexity="0">
							<lines>
								<line number="51" hits="3" branch="false"/>
								<line number="55" hits="3" branch="false"/>
								<line number="56" hits="3" branch="false"/>
							</lines>
						</method>
						<method name="createAssetType" signature="(Lcom/mambu/loans/shared/model/LoanProduct;)Lcom/bold/risk/api/model/LoanProduct;" line-rate="1.0" branch-rate="1.0" complexity="0">
							<lines>
								<line number="46" hits="3" branch="false"/>
								<line number="47" hits="3" branch="false"/>
								<line number="48" hits="6" branch="false"/>
								<line number="49" hits="6" branch="false"/>
								<line number="50" hits="6" branch="false"/>
								<line number="52" hits="6" branch="false"/>
								<line number="53" hits="3" branch="false"/>
								<line number="54" hits="6" branch="false"/>
							</lines>
						</method>
						<method name="lambda$processGetAssetTypeRequest$0" signature="(Lcom/mambu/apisdk/services/LoansService;Ljava/lang/String;)Lcom/mambu/loans/shared/model/LoanProduct;" line-rate="0.5" branch-rate="1.0" complexity="0">
							<lines>
								<line number="37" hits="4" branch="false"/>
								<line number="38" hits="0" branch="false"/>
								<line number="39" hits="3" branch="false"/>
								<line number="40" hits="0" branch="false"/>
							</lines>
						</method>
						<method name="processGetAssetTypeRequest" signature="()Ljava/util/List;" line-rate="1.0" branch-rate="1.0" complexity="0">
							<lines>
								<line number="32" hits="1" branch="false"/>
								<line number="34" hits="2" branch="false"/>
								<line number="35" hits="1" branch="false"/>
								<line number="36" hits="1" branch="false"/>
								<line number="41" hits="1" branch="false"/>
								<line number="42" hits="1" branch="false"/>
								<line number="43" hits="1" branch="false"/>
								<line number="44" hits="1" branch="false"/>
							</lines>
						</method>
					</methods>
					<lines>
						<line number="20" hits="1" branch="false"/>
						<line number="27" hits="1" branch="false"/>
						<line number="32" hits="1" branch="false"/>
						<line number="34" hits="2" branch="false"/>
						<line number="35" hits="1" branch="false"/>
						<line number="36" hits="1" branch="false"/>
						<line number="37" hits="4" branch="false"/>
						<line number="38" hits="0" branch="false"/>
						<line number="39" hits="3" branch="false"/>
						<line number="40" hits="0" branch="false"/>
						<line number="41" hits="1" branch="false"/>
						<line number="42" hits="1" branch="false"/>
						<line number="43" hits="1" branch="false"/>
						<line number="44" hits="1" branch="false"/>
						<line number="46" hits="3" branch="false"/>
						<line number="47" hits="3" branch="false"/>
						<line number="48" hits="6" branch="false"/>
						<line number="49" hits="6" branch="false"/>
						<line number="50" hits="6" branch="false"/>
						<line number="51" hits="3" branch="false"/>
						<line number="52" hits="6" branch="false"/>
						<line number="53" hits="3" branch="false"/>
						<line number="54" hits="6" branch="false"/>
						<line number="55" hits="3" branch="false"/>
						<line number="56" hits="3" branch="false"/>
					</lines>
				</class>
				<class name="com.bold.risk.api.services.IndicativeLoanDetailsService" filename="com/bold/risk/api/services/IndicativeLoanDetailsService.java" line-rate="1.0" branch-rate="1.0" complexity="1.0">
					<methods>
						<method name="calcuateLoanDuration" signature="()D" line-rate="1.0" branch-rate="1.0" complexity="0">
							<lines>
								<line number="9" hits="10" branch="false"/>
							</lines>
						</method>
						<method name="calculateInstallment" signature="(DDD)D" line-rate="1.0" branch-rate="1.0" complexity="0">
							<lines>
								<line number="34" hits="8" branch="false"/>
								<line number="36" hits="8" branch="false"/>
								<line number="38" hits="8" branch="false"/>
							</lines>
						</method>
						<method name="calculateInterestRate" signature="(D)D" line-rate="1.0" branch-rate="1.0" complexity="0">
							<lines>
								<line number="29" hits="16" branch="false"/>
							</lines>
						</method>
						<method name="calculateLGD" signature="()D" line-rate="1.0" branch-rate="1.0" complexity="0">
							<lines>
								<line number="13" hits="20" branch="false"/>
							</lines>
						</method>
						<method name="calculateLoanAmount" signature="(DD)D" line-rate="1.0" branch-rate="1.0" complexity="0">
							<lines>
								<line number="17" hits="12" branch="false"/>
							</lines>
						</method>
						<method name="calculatePd" signature="(D)D" line-rate="1.0" branch-rate="1.0" complexity="0">
							<lines>
								<line number="21" hits="20" branch="false"/>
							</lines>
						</method>
						<method name="riskPremium" signature="(D)D" line-rate="1.0" branch-rate="1.0" complexity="0">
							<lines>
								<line number="25" hits="18" branch="false"/>
							</lines>
						</method>
					</methods>
					<lines>
						<line number="9" hits="10" branch="false"/>
						<line number="13" hits="20" branch="false"/>
						<line number="17" hits="12" branch="false"/>
						<line number="21" hits="20" branch="false"/>
						<line number="25" hits="18" branch="false"/>
						<line number="29" hits="16" branch="false"/>
						<line number="34" hits="8" branch="false"/>
						<line number="36" hits="8" branch="false"/>
						<line number="38" hits="8" branch="false"/>
					</lines>
				</class>
				<class name="com.bold.risk.api.services.MambuServiceConfig" filename="com/bold/risk/api/services/MambuServiceConfig.java" line-rate="1.0" branch-rate="1.0" complexity="1.0">
					<methods>
					</methods>
					<lines>
					</lines>
				</class>
			</classes>
		</package>
	</packages>
</coverage>
