<?xml version="1.0" encoding="UTF-8"?>
<testsuite name="com.bold.risk.api.services.IndicativeLoanDetailsServiceTest" time="0.003" tests="7" errors="0" skipped="0" failures="1">
  <properties>
[...]
</properties>
  <testcase name="riskPremiumTest" classname="com.bold.risk.api.services.IndicativeLoanDetailsServiceTest" time="0"/>
  <testcase name="calculatePdTest" classname="com.bold.risk.api.services.IndicativeLoanDetailsServiceTest" time="0"/>
  <testcase name="calculateLoanDurationTest" classname="com.bold.risk.api.services.IndicativeLoanDetailsServiceTest" time="0"/>
  <testcase name="calculateInterestRateTest" classname="com.bold.risk.api.services.IndicativeLoanDetailsServiceTest" time="0.003">
    <failure message="expected:&lt;0.0725&gt; but was:&lt;7.25&gt;" type="java.lang.AssertionError"><![CDATA[java.lang.AssertionError: expected:<0.0725> but was:<7.25>
	at org.junit.Assert.fail(Assert.java:88)
	at org.junit.Assert.failNotEquals(Assert.java:834)
	at org.junit.Assert.assertEquals(Assert.java:553)
	at org.junit.Assert.assertEquals(Assert.java:683)
	at com.bold.risk.api.services.IndicativeLoanDetailsServiceTest.calculateInterestRateTest(IndicativeLoanDetailsServiceTest.java:42)
]]></failure>
  </testcase>
  <testcase name="calculateLGDTest" classname="com.bold.risk.api.services.IndicativeLoanDetailsServiceTest" time="0"/>
  <testcase name="calculateLoanAmountTest" classname="com.bold.risk.api.services.IndicativeLoanDetailsServiceTest" time="0"/>
  <testcase name="calculateInstalmentTest" classname="com.bold.risk.api.services.IndicativeLoanDetailsServiceTest" time="0"/>
</testsuite>